app/build/outputs/logs/manifest-merger-debug-report.txt
-- Merging decision tree log ---
manifest
ADDED from src/main/AndroidManifest.xml:2:1-35:12
	package
		ADDED from src/main/AndroidManifest.xml:3:11-51
		INJECTED from src/main/AndroidManifest.xml
		INJECTED from src/main/AndroidManifest.xml
	android:versionName
		INJECTED from src/main/AndroidManifest.xml
		INJECTED from src/main/AndroidManifest.xml
	xmlns:android
		ADDED from src/main/AndroidManifest.xml:2:11-69
	android:versionCode
		INJECTED from src/main/AndroidManifest.xml
		INJECTED from src/main/AndroidManifest.xml
uses-permission#android.permission.WRITE_EXTERNAL_STORAGE
ADDED from src/main/AndroidManifest.xml:6:5-81
	android:name
		ADDED from src/main/AndroidManifest.xml:6:22-78
uses-permission#android.permission.INTERNET
ADDED from src/main/AndroidManifest.xml:7:5-66
	android:name
		ADDED from src/main/AndroidManifest.xml:7:22-64
uses-permission#android.permission.ACCESS_NETWORK_STATE
ADDED from src/main/AndroidManifest.xml:8:5-79
	android:name
		ADDED from src/main/AndroidManifest.xml:8:22-76
uses-permission#android.permission.READ_PHONE_STATE
ADDED from src/main/AndroidManifest.xml:9:5-75
	android:name
		ADDED from src/main/AndroidManifest.xml:9:22-72
uses-permission#android.permission.ACCESS_WIFI_STATE
ADDED from src/main/AndroidManifest.xml:10:5-76
	android:name
		ADDED from src/main/AndroidManifest.xml:10:22-73
application
ADDED from src/main/AndroidManifest.xml:13:5-33:19
MERGED from [com.android.support:design:25.1.1] AndroidManifest.xml:25:5-20
MERGED from [com.android.support:transition:25.1.1] AndroidManifest.xml:22:5-20
MERGED from [com.android.support:cardview-v7:25.1.1] AndroidManifest.xml:22:5-20
MERGED from [com.roger.catloadinglibrary:catloadinglibrary:1.0.1] AndroidManifest.xml:11:5-15:19
MERGED from [com.android.support:appcompat-v7:25.1.1] AndroidManifest.xml:25:5-20
MERGED from [com.android.support:support-v4:25.1.1] AndroidManifest.xml:25:5-20
MERGED from [com.android.support:support-fragment:25.1.1] AndroidManifest.xml:25:5-20
MERGED from [com.android.support:support-media-compat:25.1.1] AndroidManifest.xml:25:5-20
MERGED from [com.android.support:support-core-ui:25.1.1] AndroidManifest.xml:25:5-20
MERGED from [com.android.support:support-core-utils:25.1.1] AndroidManifest.xml:25:5-20
MERGED from [com.android.support:animated-vector-drawable:25.1.1] AndroidManifest.xml:22:5-20
MERGED from [com.android.support:support-vector-drawable:25.1.1] AndroidManifest.xml:23:5-20
MERGED from [com.android.support:support-compat:25.1.1] AndroidManifest.xml:25:5-20
	android:label
		ADDED from src/main/AndroidManifest.xml:16:9-41
	android:supportsRtl
		ADDED from src/main/AndroidManifest.xml:17:9-35
	android:allowBackup
		ADDED from src/main/AndroidManifest.xml:14:9-35
	android:icon
		ADDED from src/main/AndroidManifest.xml:15:9-39
	android:theme
		ADDED from src/main/AndroidManifest.xml:19:9-40
	android:name
		ADDED from src/main/AndroidManifest.xml:18:9-33
activity#taskstack.junjian.cn.taskstack.MainActivity
ADDED from src/main/AndroidManifest.xml:20:9-28:20
	android:label
		ADDED from src/main/AndroidManifest.xml:22:13-45
	android:name
		ADDED from src/main/AndroidManifest.xml:21:13-41
intent-filter#android.intent.action.MAIN+android.intent.category.LAUNCHER
ADDED from src/main/AndroidManifest.xml:23:13-27:29
action#android.intent.action.MAIN
ADDED from src/main/AndroidManifest.xml:24:17-68
	android:name
		ADDED from src/main/AndroidManifest.xml:24:25-66
category#android.intent.category.LAUNCHER
ADDED from src/main/AndroidManifest.xml:26:17-76
	android:name
		ADDED from src/main/AndroidManifest.xml:26:27-74
activity#taskstack.junjian.cn.taskstack.ui.AddTaskActivity
ADDED from src/main/AndroidManifest.xml:30:9-56
	android:name
		ADDED from src/main/AndroidManifest.xml:30:19-53
activity#taskstack.junjian.cn.taskstack.ui.AboutActivity
ADDED from src/main/AndroidManifest.xml:32:9-53
	android:name
		ADDED from src/main/AndroidManifest.xml:32:19-51
uses-sdk
INJECTED from src/main/AndroidManifest.xml reason: use-sdk injection requested
MERGED from [com.android.support:design:25.1.1] AndroidManifest.xml:21:5-23:62
MERGED from [com.android.support:transition:25.1.1] AndroidManifest.xml:20:5-44
MERGED from [com.android.support:cardview-v7:25.1.1] AndroidManifest.xml:20:5-43
MERGED from [com.android.support:recyclerview-v7:25.1.1] AndroidManifest.xml:20:5-43
MERGED from [com.roger.catloadinglibrary:catloadinglibrary:1.0.1] AndroidManifest.xml:7:5-9:41
MERGED from [com.android.support:appcompat-v7:25.1.1] AndroidManifest.xml:21:5-23:78
MERGED from [com.android.support:support-v4:25.1.1] AndroidManifest.xml:21:5-23:54
MERGED from [com.android.support:support-fragment:25.1.1] AndroidManifest.xml:21:5-23:60
MERGED from [com.android.support:support-media-compat:25.1.1] AndroidManifest.xml:21:5-23:63
MERGED from [com.android.support:support-core-ui:25.1.1] AndroidManifest.xml:21:5-23:58
MERGED from [com.android.support:support-core-utils:25.1.1] AndroidManifest.xml:21:5-23:61
MERGED from [com.android.support:animated-vector-drawable:25.1.1] AndroidManifest.xml:20:5-44
MERGED from [com.android.support:support-vector-drawable:25.1.1] AndroidManifest.xml:21:5-43
MERGED from [com.android.support:support-compat:25.1.1] AndroidManifest.xml:21:5-23:58
	tools:overrideLibrary
		ADDED from [com.android.support:design:25.1.1] AndroidManifest.xml:23:9-59
	android:targetSdkVersion
		INJECTED from src/main/AndroidManifest.xml
		INJECTED from src/main/AndroidManifest.xml
	android:minSdkVersion
		INJECTED from src/main/AndroidManifest.xml
		INJECTED from src/main/AndroidManifest.xml